<?xml version="1.0" encoding="UTF-8"?>
<testng-results ignored="0" total="4" passed="3" failed="1" skipped="0">
  <reporter-output>
  </reporter-output>
  <suite started-at="2023-10-19T00:39:30 IST" name="Suite" finished-at="2023-10-19T00:40:00 IST" duration-ms="29829">
    <groups>
    </groups>
    <test started-at="2023-10-19T00:39:30 IST" name="Test" finished-at="2023-10-19T00:40:00 IST" duration-ms="29829">
      <class name="seleniumProject.AddToCart">
        <test-method is-config="true" signature="setup()[pri:0, instance:seleniumProject.AddToCart@68c9133c]" started-at="2023-10-19T00:39:06 IST" name="setup" finished-at="2023-10-19T00:39:19 IST" duration-ms="13137" status="PASS">
          <reporter-output>
          </reporter-output>
        </test-method> <!-- setup -->
        <test-method signature="SearchTest()[pri:0, instance:seleniumProject.AddToCart@68c9133c]" started-at="2023-10-19T00:39:58 IST" name="SearchTest" finished-at="2023-10-19T00:40:00 IST" duration-ms="1281" status="FAIL">
          <exception class="org.openqa.selenium.ElementClickInterceptedException">
            <message>
              <![CDATA[element click intercepted: Element <a rel="nofollow" href="/?add-to-cart=163" data-quantity="1" data-product_id="163" data-product_sku="" class="button product_type_simple add_to_cart_button ajax_add_to_cart">...</a> is not clickable at point (759, 687). Other element would receive the click: <iframe id="aswift_12" name="aswift_12" style="width: 1005px !important; height: 124px !important; display: block; margin: 0px auto;" sandbox="allow-forms allow-popups allow-popups-to-escape-sandbox allow-same-origin allow-scripts allow-top-navigation-by-user-activation" width="1005" height="124" frameborder="0" marginwidth="0" marginheight="0" vspace="0" hspace="0" allowtransparency="true" scrolling="no" src="https://googleads.g.doubleclick.net/pagead/html/r20231011/r20110914/zrt_lookup.html?fsb=1#RS-3-&amp;adk=1812271801&amp;client=ca-pub-9173866185064071&amp;fa=1&amp;ifi=13&amp;uci=a!d&amp;btvi=11&amp;xpc=uNQfSq7yFO&amp;p=https%3A//practice.automationtesting.in" data-google-container-id="a!d" data-google-query-id="CMTh8P6lgIIDFQSrSwUdBiAMeg" data-load-complete="true"></iframe>
  (Session info: chrome=117.0.5938.152)
Build info: version: '4.8.3', revision: 'e5e76298c3'
System info: os.name: 'Windows 10', os.arch: 'amd64', os.version: '10.0', java.version: '17.0.7'
Driver info: org.openqa.selenium.chrome.ChromeDriver
Command: [c0c5e96a513a41e77b87a2bc5e74012b, clickElement {id=3682479AB763822F843788E123B679A1_element_100}]
Capabilities {acceptInsecureCerts: false, browserName: chrome, browserVersion: 117.0.5938.152, chrome: {chromedriverVersion: 117.0.5938.149 (e3344ddefa1..., userDataDir: C:\Users\lenovo\AppData\Loc...}, fedcm:accounts: true, goog:chromeOptions: {debuggerAddress: localhost:61568}, networkConnectionEnabled: false, pageLoadStrategy: normal, platformName: WINDOWS, proxy: Proxy(), se:cdp: ws://localhost:61568/devtoo..., se:cdpVersion: 117.0.5938.152, setWindowRect: true, strictFileInteractability: false, timeouts: {implicit: 0, pageLoad: 300000, script: 30000}, unhandledPromptBehavior: dismiss and notify, webauthn:extension:credBlob: true, webauthn:extension:largeBlob: true, webauthn:extension:minPinLength: true, webauthn:extension:prf: true, webauthn:virtualAuthenticators: true}
Element: [[ChromeDriver: chrome on WINDOWS (c0c5e96a513a41e77b87a2bc5e74012b)] -> xpath: //a[@data-product_id='163']]
Session ID: c0c5e96a513a41e77b87a2bc5e74012b]]>
            </message>
            <full-stacktrace>
              <![CDATA[org.openqa.selenium.ElementClickInterceptedException: element click intercepted: Element <a rel="nofollow" href="/?add-to-cart=163" data-quantity="1" data-product_id="163" data-product_sku="" class="button product_type_simple add_to_cart_button ajax_add_to_cart">...</a> is not clickable at point (759, 687). Other element would receive the click: <iframe id="aswift_12" name="aswift_12" style="width: 1005px !important; height: 124px !important; display: block; margin: 0px auto;" sandbox="allow-forms allow-popups allow-popups-to-escape-sandbox allow-same-origin allow-scripts allow-top-navigation-by-user-activation" width="1005" height="124" frameborder="0" marginwidth="0" marginheight="0" vspace="0" hspace="0" allowtransparency="true" scrolling="no" src="https://googleads.g.doubleclick.net/pagead/html/r20231011/r20110914/zrt_lookup.html?fsb=1#RS-3-&amp;adk=1812271801&amp;client=ca-pub-9173866185064071&amp;fa=1&amp;ifi=13&amp;uci=a!d&amp;btvi=11&amp;xpc=uNQfSq7yFO&amp;p=https%3A//practice.automationtesting.in" data-google-container-id="a!d" data-google-query-id="CMTh8P6lgIIDFQSrSwUdBiAMeg" data-load-complete="true"></iframe>
  (Session info: chrome=117.0.5938.152)
Build info: version: '4.8.3', revision: 'e5e76298c3'
System info: os.name: 'Windows 10', os.arch: 'amd64', os.version: '10.0', java.version: '17.0.7'
Driver info: org.openqa.selenium.chrome.ChromeDriver
Command: [c0c5e96a513a41e77b87a2bc5e74012b, clickElement {id=3682479AB763822F843788E123B679A1_element_100}]
Capabilities {acceptInsecureCerts: false, browserName: chrome, browserVersion: 117.0.5938.152, chrome: {chromedriverVersion: 117.0.5938.149 (e3344ddefa1..., userDataDir: C:\Users\lenovo\AppData\Loc...}, fedcm:accounts: true, goog:chromeOptions: {debuggerAddress: localhost:61568}, networkConnectionEnabled: false, pageLoadStrategy: normal, platformName: WINDOWS, proxy: Proxy(), se:cdp: ws://localhost:61568/devtoo..., se:cdpVersion: 117.0.5938.152, setWindowRect: true, strictFileInteractability: false, timeouts: {implicit: 0, pageLoad: 300000, script: 30000}, unhandledPromptBehavior: dismiss and notify, webauthn:extension:credBlob: true, webauthn:extension:largeBlob: true, webauthn:extension:minPinLength: true, webauthn:extension:prf: true, webauthn:virtualAuthenticators: true}
Element: [[ChromeDriver: chrome on WINDOWS (c0c5e96a513a41e77b87a2bc5e74012b)] -> xpath: //a[@data-product_id='163']]
Session ID: c0c5e96a513a41e77b87a2bc5e74012b
at java.base/jdk.internal.reflect.NativeConstructorAccessorImpl.newInstance0(Native Method)
at java.base/jdk.internal.reflect.NativeConstructorAccessorImpl.newInstance(NativeConstructorAccessorImpl.java:77)
at java.base/jdk.internal.reflect.DelegatingConstructorAccessorImpl.newInstance(DelegatingConstructorAccessorImpl.java:45)
at java.base/java.lang.reflect.Constructor.newInstanceWithCaller(Constructor.java:499)
at java.base/java.lang.reflect.Constructor.newInstance(Constructor.java:480)
at org.openqa.selenium.remote.codec.w3c.W3CHttpResponseCodec.createException(W3CHttpResponseCodec.java:200)
at org.openqa.selenium.remote.codec.w3c.W3CHttpResponseCodec.decode(W3CHttpResponseCodec.java:133)
at org.openqa.selenium.remote.codec.w3c.W3CHttpResponseCodec.decode(W3CHttpResponseCodec.java:53)
at org.openqa.selenium.remote.HttpCommandExecutor.execute(HttpCommandExecutor.java:193)
at org.openqa.selenium.remote.service.DriverCommandExecutor.invokeExecute(DriverCommandExecutor.java:183)
at org.openqa.selenium.remote.service.DriverCommandExecutor.execute(DriverCommandExecutor.java:158)
at org.openqa.selenium.remote.RemoteWebDriver.execute(RemoteWebDriver.java:543)
at org.openqa.selenium.remote.RemoteWebElement.execute(RemoteWebElement.java:257)
at org.openqa.selenium.remote.RemoteWebElement.click(RemoteWebElement.java:78)
at seleniumProject.AddToCart.SearchTest(AddToCart.java:31)
at java.base/jdk.internal.reflect.NativeMethodAccessorImpl.invoke0(Native Method)
at java.base/jdk.internal.reflect.NativeMethodAccessorImpl.invoke(NativeMethodAccessorImpl.java:77)
at java.base/jdk.internal.reflect.DelegatingMethodAccessorImpl.invoke(DelegatingMethodAccessorImpl.java:43)
at java.base/java.lang.reflect.Method.invoke(Method.java:568)
at org.testng.internal.invokers.MethodInvocationHelper.invokeMethod(MethodInvocationHelper.java:139)
at org.testng.internal.invokers.TestInvoker.invokeMethod(TestInvoker.java:664)
at org.testng.internal.invokers.TestInvoker.invokeTestMethod(TestInvoker.java:227)
at org.testng.internal.invokers.MethodRunner.runInSequence(MethodRunner.java:50)
at org.testng.internal.invokers.TestInvoker$MethodInvocationAgent.invoke(TestInvoker.java:957)
at org.testng.internal.invokers.TestInvoker.invokeTestMethods(TestInvoker.java:200)
at org.testng.internal.invokers.TestMethodWorker.invokeTestMethods(TestMethodWorker.java:148)
at org.testng.internal.invokers.TestMethodWorker.run(TestMethodWorker.java:128)
at java.base/java.util.ArrayList.forEach(ArrayList.java:1511)
at org.testng.TestRunner.privateRun(TestRunner.java:848)
at org.testng.TestRunner.run(TestRunner.java:621)
at org.testng.SuiteRunner.runTest(SuiteRunner.java:443)
at org.testng.SuiteRunner.runSequentially(SuiteRunner.java:437)
at org.testng.SuiteRunner.privateRun(SuiteRunner.java:397)
at org.testng.SuiteRunner.run(SuiteRunner.java:336)
at org.testng.SuiteRunnerWorker.runSuite(SuiteRunnerWorker.java:52)
at org.testng.SuiteRunnerWorker.run(SuiteRunnerWorker.java:95)
at org.testng.TestNG.runSuitesSequentially(TestNG.java:1280)
at org.testng.TestNG.runSuitesLocally(TestNG.java:1200)
at org.testng.TestNG.runSuites(TestNG.java:1114)
at org.testng.TestNG.run(TestNG.java:1082)
at org.testng.remote.AbstractRemoteTestNG.run(AbstractRemoteTestNG.java:115)
at org.testng.remote.RemoteTestNG.initAndRun(RemoteTestNG.java:251)
at org.testng.remote.RemoteTestNG.main(RemoteTestNG.java:77)
]]>
            </full-stacktrace>
          </exception> <!-- org.openqa.selenium.ElementClickInterceptedException -->
          <reporter-output>
          </reporter-output>
        </test-method> <!-- SearchTest -->
        <test-method is-config="true" signature="teardown()[pri:0, instance:seleniumProject.AddToCart@68c9133c]" started-at="2023-10-19T00:40:00 IST" name="teardown" finished-at="2023-10-19T00:40:01 IST" duration-ms="1163" status="PASS">
          <reporter-output>
          </reporter-output>
        </test-method> <!-- teardown -->
      </class> <!-- seleniumProject.AddToCart -->
      <class name="seleniumProject.Login">
        <test-method is-config="true" signature="setup()[pri:0, instance:seleniumProject.Login@2cf3d63b]" started-at="2023-10-19T00:39:30 IST" name="setup" finished-at="2023-10-19T00:39:41 IST" duration-ms="11021" status="PASS">
          <reporter-output>
          </reporter-output>
        </test-method> <!-- setup -->
        <test-method signature="Incorrect_login2()[pri:0, instance:seleniumProject.Login@2cf3d63b]" started-at="2023-10-19T00:39:41 IST" name="Incorrect_login2" finished-at="2023-10-19T00:39:46 IST" duration-ms="4612" status="PASS">
          <reporter-output>
          </reporter-output>
        </test-method> <!-- Incorrect_login2 -->
        <test-method is-config="true" signature="teardown()[pri:0, instance:seleniumProject.Login@2cf3d63b]" started-at="2023-10-19T00:39:46 IST" name="teardown" finished-at="2023-10-19T00:39:46 IST" duration-ms="654" status="PASS">
          <reporter-output>
          </reporter-output>
        </test-method> <!-- teardown -->
        <test-method is-config="true" signature="setup()[pri:0, instance:seleniumProject.Login@2cf3d63b]" started-at="2023-10-19T00:39:46 IST" name="setup" finished-at="2023-10-19T00:39:55 IST" duration-ms="8607" status="PASS">
          <reporter-output>
          </reporter-output>
        </test-method> <!-- setup -->
        <test-method signature="correct_login()[pri:0, instance:seleniumProject.Login@2cf3d63b]" started-at="2023-10-19T00:39:55 IST" name="correct_login" finished-at="2023-10-19T00:39:58 IST" duration-ms="2982" status="PASS">
          <reporter-output>
          </reporter-output>
        </test-method> <!-- correct_login -->
        <test-method is-config="true" signature="teardown()[pri:0, instance:seleniumProject.Login@2cf3d63b]" started-at="2023-10-19T00:39:58 IST" name="teardown" finished-at="2023-10-19T00:39:58 IST" duration-ms="337" status="PASS">
          <reporter-output>
          </reporter-output>
        </test-method> <!-- teardown -->
      </class> <!-- seleniumProject.Login -->
      <class name="seleniumProject.SearchProduct">
        <test-method is-config="true" signature="setup()[pri:0, instance:seleniumProject.SearchProduct@7a35b0f5]" started-at="2023-10-19T00:39:19 IST" name="setup" finished-at="2023-10-19T00:39:30 IST" duration-ms="10646" status="PASS">
          <reporter-output>
          </reporter-output>
        </test-method> <!-- setup -->
        <test-method signature="search()[pri:0, instance:seleniumProject.SearchProduct@7a35b0f5]" started-at="2023-10-19T00:40:00 IST" name="search" finished-at="2023-10-19T00:40:00 IST" duration-ms="244" status="PASS">
          <reporter-output>
          </reporter-output>
        </test-method> <!-- search -->
        <test-method is-config="true" signature="teardown()[pri:0, instance:seleniumProject.SearchProduct@7a35b0f5]" started-at="2023-10-19T00:40:01 IST" name="teardown" finished-at="2023-10-19T00:40:02 IST" duration-ms="581" status="PASS">
          <reporter-output>
          </reporter-output>
        </test-method> <!-- teardown -->
      </class> <!-- seleniumProject.SearchProduct -->
    </test> <!-- Test -->
  </suite> <!-- Suite -->
</testng-results>
